<?xml version="1.0" encoding="UTF-8"?>
<!-- Generated by org.testng.reporters.JUnitXMLReporter -->
<testsuite ignored="0" hostname="LAPTOP-3SEJI52O" failures="1" tests="1" name="CreateOpportunities-Edge" time="22.426" errors="0" timestamp="2022-11-09T18:38:56 IST">
  <testcase classname="salesforce.CreateOpportunities" name="createopportunity" time="18.048">
    <failure type="org.openqa.selenium.ElementClickInterceptedException" message="element click intercepted: Element &amp;lt;span class=&amp;quot;slds-truncate&amp;quot; title=&amp;quot;...&amp;quot;&amp;gt;New Customer&amp;lt;/span&amp;gt; is not clickable at point (455, 626). Other element would receive the click: &amp;lt;div class=&amp;quot;modal-container slds-modal__container&amp;quot; data-aura-rendered-by=&amp;quot;1798:0&amp;quot;&amp;gt;...&amp;lt;/div&amp;gt;
  (Session info: MicrosoftEdge=107.0.1418.35)
Build info: version: &amp;apos;4.3.0&amp;apos;, revision: &amp;apos;a4995e2c09*&amp;apos;
System info: host: &amp;apos;LAPTOP-3SEJI52O&amp;apos;, ip: &amp;apos;192.168.29.127&amp;apos;, os.name: &amp;apos;Windows 11&amp;apos;, os.arch: &amp;apos;amd64&amp;apos;, os.version: &amp;apos;10.0&amp;apos;, java.version: &amp;apos;19.0.1&amp;apos;
Driver info: org.openqa.selenium.edge.EdgeDriver
Command: [5b4764a66320dfe44fb88ac2b79b0707, clickElement {id=0804a6e7-10f1-43e8-981b-1a2442e450bf}]
Capabilities {acceptInsecureCerts: false, browserName: msedge, browserVersion: 107.0.1418.35, ms:edgeOptions: {debuggerAddress: localhost:54851}, msedge: {msedgedriverVersion: 107.0.1418.35 (806ca5c53c4f..., userDataDir: C:\Users\VENKAT~1\AppData\L...}, networkConnectionEnabled: false, pageLoadStrategy: normal, platformName: WINDOWS, proxy: Proxy(), se:cdp: ws://localhost:54851/devtoo..., se:cdpVersion: 107.0.1418.35, setWindowRect: true, strictFileInteractability: false, timeouts: {implicit: 0, pageLoad: 300000, script: 30000}, unhandledPromptBehavior: dismiss and notify, webauthn:extension:credBlob: true, webauthn:extension:largeBlob: true, webauthn:virtualAuthenticators: true}
Element: [[EdgeDriver: msedge on WINDOWS (5b4764a66320dfe44fb88ac2b79b0707)] -&amp;gt; xpath: //label[text()=&amp;apos;Type&amp;apos;]/following-sibling::div//span[@title=&amp;apos;New Customer&amp;apos;]]
Session ID: 5b4764a66320dfe44fb88ac2b79b0707">
      <![CDATA[org.openqa.selenium.ElementClickInterceptedException: element click intercepted: Element <span class="slds-truncate" title="...">New Customer</span> is not clickable at point (455, 626). Other element would receive the click: <div class="modal-container slds-modal__container" data-aura-rendered-by="1798:0">...</div>
  (Session info: MicrosoftEdge=107.0.1418.35)
Build info: version: '4.3.0', revision: 'a4995e2c09*'
System info: host: 'LAPTOP-3SEJI52O', ip: '192.168.29.127', os.name: 'Windows 11', os.arch: 'amd64', os.version: '10.0', java.version: '19.0.1'
Driver info: org.openqa.selenium.edge.EdgeDriver
Command: [5b4764a66320dfe44fb88ac2b79b0707, clickElement {id=0804a6e7-10f1-43e8-981b-1a2442e450bf}]
Capabilities {acceptInsecureCerts: false, browserName: msedge, browserVersion: 107.0.1418.35, ms:edgeOptions: {debuggerAddress: localhost:54851}, msedge: {msedgedriverVersion: 107.0.1418.35 (806ca5c53c4f..., userDataDir: C:\Users\VENKAT~1\AppData\L...}, networkConnectionEnabled: false, pageLoadStrategy: normal, platformName: WINDOWS, proxy: Proxy(), se:cdp: ws://localhost:54851/devtoo..., se:cdpVersion: 107.0.1418.35, setWindowRect: true, strictFileInteractability: false, timeouts: {implicit: 0, pageLoad: 300000, script: 30000}, unhandledPromptBehavior: dismiss and notify, webauthn:extension:credBlob: true, webauthn:extension:largeBlob: true, webauthn:virtualAuthenticators: true}
Element: [[EdgeDriver: msedge on WINDOWS (5b4764a66320dfe44fb88ac2b79b0707)] -> xpath: //label[text()='Type']/following-sibling::div//span[@title='New Customer']]
Session ID: 5b4764a66320dfe44fb88ac2b79b0707
at org.openqa.selenium.remote.codec.w3c.W3CHttpResponseCodec.createException(W3CHttpResponseCodec.java:200)
at org.openqa.selenium.remote.codec.w3c.W3CHttpResponseCodec.decode(W3CHttpResponseCodec.java:133)
at org.openqa.selenium.remote.codec.w3c.W3CHttpResponseCodec.decode(W3CHttpResponseCodec.java:53)
at org.openqa.selenium.remote.HttpCommandExecutor.execute(HttpCommandExecutor.java:184)
at org.openqa.selenium.remote.service.DriverCommandExecutor.invokeExecute(DriverCommandExecutor.java:167)
at org.openqa.selenium.remote.service.DriverCommandExecutor.execute(DriverCommandExecutor.java:142)
at org.openqa.selenium.remote.RemoteWebDriver.execute(RemoteWebDriver.java:569)
at org.openqa.selenium.remote.RemoteWebElement.execute(RemoteWebElement.java:257)
at org.openqa.selenium.remote.RemoteWebElement.click(RemoteWebElement.java:78)
at salesforce.CreateOpportunities.createopportunity(CreateOpportunities.java:34)
at java.base/java.util.concurrent.ThreadPoolExecutor.runWorker(ThreadPoolExecutor.java:1144)
at java.base/java.util.concurrent.ThreadPoolExecutor$Worker.run(ThreadPoolExecutor.java:642)
at java.base/java.lang.Thread.run(Thread.java:1589)
... Removed 13 stack frames]]>
    </failure>
  </testcase> <!-- createopportunity -->
</testsuite> <!-- CreateOpportunities-Edge -->
