<?xml version="1.0" encoding="UTF-8"?>
<!-- Generated by org.testng.reporters.JUnitXMLReporter -->
<testsuite ignored="0" hostname="LAPTOP-3SEJI52O" failures="1" tests="1" name="CreateQuest-Chrome" time="0.033" errors="0" timestamp="2022-11-09T19:30:03 IST">
  <testcase classname="salesforce.CreateQuestions" name="createquest" time="0.0">
    <failure type="org.testng.TestNGException" message="
Some DataProvider public java.lang.String[][] salesforce.CreateQuestions.provideData(java.lang.String,java.lang.String) throws java.io.IOException parameters unresolved:  at 0 type class java.lang.String
 at 1 type class java.lang.String
">
      <![CDATA[org.testng.TestNGException: 
Some DataProvider public java.lang.String[][] salesforce.CreateQuestions.provideData(java.lang.String,java.lang.String) throws java.io.IOException parameters unresolved:  at 0 type class java.lang.String
 at 1 type class java.lang.String

at java.base/java.util.ArrayList.forEach(ArrayList.java:1511)
... Removed 25 stack frames]]>
    </failure>
  </testcase> <!-- createquest -->
</testsuite> <!-- CreateQuest-Chrome -->
