<?xml version="1.0" encoding="UTF-8"?>
<!-- Generated by org.testng.reporters.JUnitXMLReporter -->
<testsuite ignored="0" hostname="LAPTOP-3SEJI52O" failures="0" tests="2" name="CreateOpportunities-Edge" time="67.48" errors="0" timestamp="2022-11-09T20:31:57 IST">
  <testcase classname="salesforce.CreateOpportunities" name="createopportunity" time="23.866"/>
  <testcase classname="salesforce.CreateOpportunities" name="createopportunity" time="25.454"/>
</testsuite> <!-- CreateOpportunities-Edge -->
